Generated at 2017-11-03 14:47:21 +0000
NameError: undefined local variable or method `services' for cookbook: httpd, recipe: httpd_install :Chef::Recipe
/root/chef-repo/local-mode-cache/cache/cookbooks/httpd/recipes/httpd_install.rb:10:in `from_file'
/opt/chef/embedded/lib/ruby/gems/2.4.0/gems/chef-13.6.0/lib/chef/mixin/from_file.rb:30:in `instance_eval'
/opt/chef/embedded/lib/ruby/gems/2.4.0/gems/chef-13.6.0/lib/chef/mixin/from_file.rb:30:in `from_file'
/opt/chef/embedded/lib/ruby/gems/2.4.0/gems/chef-13.6.0/lib/chef/cookbook_version.rb:205:in `load_recipe'
/opt/chef/embedded/lib/ruby/gems/2.4.0/gems/chef-13.6.0/lib/chef/run_context.rb:343:in `load_recipe'
/opt/chef/embedded/lib/ruby/gems/2.4.0/gems/chef-13.6.0/lib/chef/run_context/cookbook_compiler.rb:163:in `block in compile_recipes'
/opt/chef/embedded/lib/ruby/gems/2.4.0/gems/chef-13.6.0/lib/chef/run_context/cookbook_compiler.rb:160:in `each'
/opt/chef/embedded/lib/ruby/gems/2.4.0/gems/chef-13.6.0/lib/chef/run_context/cookbook_compiler.rb:160:in `compile_recipes'
/opt/chef/embedded/lib/ruby/gems/2.4.0/gems/chef-13.6.0/lib/chef/run_context/cookbook_compiler.rb:77:in `compile'
/opt/chef/embedded/lib/ruby/gems/2.4.0/gems/chef-13.6.0/lib/chef/run_context.rb:192:in `load'
/opt/chef/embedded/lib/ruby/gems/2.4.0/gems/chef-13.6.0/lib/chef/policy_builder/expand_node_object.rb:97:in `setup_run_context'
/opt/chef/embedded/lib/ruby/gems/2.4.0/gems/chef-13.6.0/lib/chef/client.rb:513:in `setup_run_context'
/opt/chef/embedded/lib/ruby/gems/2.4.0/gems/chef-13.6.0/lib/chef/client.rb:281:in `run'
/opt/chef/embedded/lib/ruby/gems/2.4.0/gems/chef-13.6.0/lib/chef/application.rb:291:in `block in fork_chef_client'
/opt/chef/embedded/lib/ruby/gems/2.4.0/gems/chef-13.6.0/lib/chef/application.rb:279:in `fork'
/opt/chef/embedded/lib/ruby/gems/2.4.0/gems/chef-13.6.0/lib/chef/application.rb:279:in `fork_chef_client'
/opt/chef/embedded/lib/ruby/gems/2.4.0/gems/chef-13.6.0/lib/chef/application.rb:244:in `block in run_chef_client'
/opt/chef/embedded/lib/ruby/gems/2.4.0/gems/chef-13.6.0/lib/chef/local_mode.rb:44:in `with_server_connectivity'
/opt/chef/embedded/lib/ruby/gems/2.4.0/gems/chef-13.6.0/lib/chef/application.rb:232:in `run_chef_client'
/opt/chef/embedded/lib/ruby/gems/2.4.0/gems/chef-13.6.0/lib/chef/application/client.rb:469:in `sleep_then_run_chef_client'
/opt/chef/embedded/lib/ruby/gems/2.4.0/gems/chef-13.6.0/lib/chef/application/client.rb:458:in `block in interval_run_chef_client'
/opt/chef/embedded/lib/ruby/gems/2.4.0/gems/chef-13.6.0/lib/chef/application/client.rb:457:in `loop'
/opt/chef/embedded/lib/ruby/gems/2.4.0/gems/chef-13.6.0/lib/chef/application/client.rb:457:in `interval_run_chef_client'
/opt/chef/embedded/lib/ruby/gems/2.4.0/gems/chef-13.6.0/lib/chef/application/client.rb:441:in `run_application'
/opt/chef/embedded/lib/ruby/gems/2.4.0/gems/chef-13.6.0/lib/chef/application.rb:59:in `run'
/opt/chef/embedded/lib/ruby/gems/2.4.0/gems/chef-13.6.0/lib/chef/application/solo.rb:225:in `run'
/opt/chef/embedded/lib/ruby/gems/2.4.0/gems/chef-13.6.0/bin/chef-solo:25:in `<top (required)>'
/usr/bin/chef-solo:58:in `load'
/usr/bin/chef-solo:58:in `<main>'